<?xml version="1.0" encoding="UTF-8"?>
<!-- Generated by org.testng.reporters.JUnitXMLReporter -->
<testsuite ignored="2" hostname="5CG1418WXV" failures="1" tests="3" name="Chrome Test" time="23.944" errors="0" timestamp="2025-08-21T11:36:31 IST">
  <testcase classname="com.shop.grocery.CrossBrowserTesting" name="loginToWebShop" time="7.586"/>
  <testcase classname="com.shop.grocery.CrossBrowserTesting" name="registerNewUSer" time="3.07"/>
  <testcase classname="com.shop.grocery.RegisterNewUser" name="registerNewUSer" time="0.012">
    <failure type="java.lang.NullPointerException" message="Cannot invoke &amp;quot;org.openqa.selenium.WebDriver.findElement(org.openqa.selenium.By)&amp;quot; because &amp;quot;this.driver&amp;quot; is null">
      <![CDATA[java.lang.NullPointerException: Cannot invoke "org.openqa.selenium.WebDriver.findElement(org.openqa.selenium.By)" because "this.driver" is null
at com.shop.grocery.RegisterNewUser.registerNewUSer(RegisterNewUser.java:16)
at java.base/java.util.ArrayList.forEach(ArrayList.java:1596)
at java.base/java.util.concurrent.FutureTask.run(FutureTask.java:317)
at java.base/java.util.concurrent.ThreadPoolExecutor.runWorker(ThreadPoolExecutor.java:1144)
at java.base/java.util.concurrent.ThreadPoolExecutor$Worker.run(ThreadPoolExecutor.java:642)
at java.base/java.lang.Thread.run(Thread.java:1583)
... Removed 15 stack frames]]>
    </failure>
  </testcase> <!-- registerNewUSer -->
  <testcase classname="com.shop.utilites.utitilies" name="@AfterTest teamDown" time="0.0">
    <ignored/>
  </testcase> <!-- @AfterTest teamDown -->
  <testcase classname="com.shop.utilites.utitilies" name="@BeforeTest launchBrowser" time="0.0">
    <ignored/>
  </testcase> <!-- @BeforeTest launchBrowser -->
</testsuite> <!-- Chrome Test -->
